2015-02-22 14:44:43-0500 [-] Log opened.
2015-02-22 14:44:43-0500 [-] twistd 13.1.0 (/usr/bin/python 2.7.6) starting up.
2015-02-22 14:44:43-0500 [-] reactor class: twisted.internet.selectreactor.SelectReactor.
2015-02-22 14:44:43-0500 [-] Traceback (most recent call last):
2015-02-22 14:44:43-0500 [-]   File "/usr/local/bin/twistd", line 5, in <module>
2015-02-22 14:44:43-0500 [-]     pkg_resources.run_script('Twisted==13.1.0', 'twistd')
2015-02-22 14:44:43-0500 [-]   File "/System/Library/Frameworks/Python.framework/Versions/2.7/Extras/lib/python/pkg_resources.py", line 492, in run_script
2015-02-22 14:44:43-0500 [-]     self.require(requires)[0].run_script(script_name, ns)
2015-02-22 14:44:43-0500 [-]   File "/System/Library/Frameworks/Python.framework/Versions/2.7/Extras/lib/python/pkg_resources.py", line 1350, in run_script
2015-02-22 14:44:43-0500 [-]     execfile(script_filename, namespace, namespace)
2015-02-22 14:44:43-0500 [-]   File "/Library/Python/2.7/site-packages/Twisted-13.1.0-py2.7-macosx-10.10-intel.egg/EGG-INFO/scripts/twistd", line 14, in <module>
2015-02-22 14:44:43-0500 [-]     run()
2015-02-22 14:44:43-0500 [-]   File "/Library/Python/2.7/site-packages/Twisted-13.1.0-py2.7-macosx-10.10-intel.egg/twisted/scripts/twistd.py", line 27, in run
2015-02-22 14:44:43-0500 [-]     app.run(runApp, ServerOptions)
2015-02-22 14:44:43-0500 [-]   File "/Library/Python/2.7/site-packages/Twisted-13.1.0-py2.7-macosx-10.10-intel.egg/twisted/application/app.py", line 652, in run
2015-02-22 14:44:43-0500 [-]     runApp(config)
2015-02-22 14:44:43-0500 [-]   File "/Library/Python/2.7/site-packages/Twisted-13.1.0-py2.7-macosx-10.10-intel.egg/twisted/scripts/twistd.py", line 23, in runApp
2015-02-22 14:44:43-0500 [-]     _SomeApplicationRunner(config).run()
2015-02-22 14:44:43-0500 [-]   File "/Library/Python/2.7/site-packages/Twisted-13.1.0-py2.7-macosx-10.10-intel.egg/twisted/application/app.py", line 390, in run
2015-02-22 14:44:43-0500 [-]     self.postApplication()
2015-02-22 14:44:43-0500 [-]   File "/Library/Python/2.7/site-packages/Twisted-13.1.0-py2.7-macosx-10.10-intel.egg/twisted/scripts/_twistd_unix.py", line 230, in postApplication
2015-02-22 14:44:43-0500 [-]     self.startApplication(self.application)
2015-02-22 14:44:43-0500 [-]   File "/Library/Python/2.7/site-packages/Twisted-13.1.0-py2.7-macosx-10.10-intel.egg/twisted/scripts/_twistd_unix.py", line 340, in startApplication
2015-02-22 14:44:43-0500 [-]     service.IService(application).privilegedStartService()
2015-02-22 14:44:43-0500 [-]   File "/Library/Python/2.7/site-packages/Twisted-13.1.0-py2.7-macosx-10.10-intel.egg/twisted/application/service.py", line 277, in privilegedStartService
2015-02-22 14:44:43-0500 [-]     service.privilegedStartService()
2015-02-22 14:44:43-0500 [-]   File "/Library/Python/2.7/site-packages/Twisted-13.1.0-py2.7-macosx-10.10-intel.egg/twisted/application/service.py", line 277, in privilegedStartService
2015-02-22 14:44:43-0500 [-]     service.privilegedStartService()
2015-02-22 14:44:43-0500 [-]   File "/Library/Python/2.7/site-packages/Twisted-13.1.0-py2.7-macosx-10.10-intel.egg/twisted/application/internet.py", line 367, in privilegedStartService
2015-02-22 14:44:43-0500 [-]     raisedNow[0].raiseException()
2015-02-22 14:44:43-0500 [-]   File "<string>", line 2, in raiseException
2015-02-22 14:44:43-0500 [-] twisted.internet.error.CannotListenError: Couldn't listen on any:8080: [Errno 48] Address already in use.
2015-02-22 15:03:54-0500 [-] Log opened.
2015-02-22 15:03:54-0500 [-] twistd 13.1.0 (/usr/bin/python 2.7.6) starting up.
2015-02-22 15:03:54-0500 [-] reactor class: twisted.internet.selectreactor.SelectReactor.
2015-02-22 15:03:54-0500 [-] Site starting on 8080
2015-02-22 15:03:54-0500 [-] Starting factory <twisted.web.server.Site instance at 0x10603fb90>
2015-02-22 15:16:16-0500 [-] Received SIGTERM, shutting down.
2015-02-22 15:16:16-0500 [-] (TCP Port 8080 Closed)
2015-02-22 15:16:16-0500 [-] Stopping factory <twisted.web.server.Site instance at 0x10603fb90>
2015-02-22 15:16:16-0500 [-] Main loop terminated.
2015-02-22 15:16:16-0500 [-] Server Shut Down.
